<?xml version="1.0" encoding="UTF-8"?>
<!-- Generated by org.testng.reporters.JUnitReportReporter -->
<testsuite hostname="LAPTOP-58KVVUOH" failures="0" tests="6" name="com.RediffMail.TestMain" time="7.388" errors="0" timestamp="2022-05-30T13:31:14 IST" skipped="0">
  <testcase classname="com.RediffMail.TestMain" name="verifyTitle" time="0.059"/>
  <system-out/>
  <testcase classname="com.RediffMail.TestMain" name="verifyTitle" time="0.014"/>
  <system-out/>
  <testcase classname="com.RediffMail.TestMain" name="displayCurrentURL" time="0.091"/>
  <system-out/>
  <testcase classname="com.RediffMail.TestMain" name="displayCurrentURL" time="0.015"/>
  <system-out/>
  <testcase classname="com.RediffMail.TestMain" name="searchProduct" time="4.107"/>
  <system-out/>
  <testcase classname="com.RediffMail.TestMain" name="searchProduct" time="3.102"/>
  <system-out/>
</testsuite> <!-- com.RediffMail.TestMain -->
