<?xml version="1.0" encoding="UTF-8"?>
<!-- Generated by org.testng.reporters.JUnitReportReporter -->
<testsuite hostname="LAPTOP-58KVVUOH" failures="0" tests="2" name="com.RediffMail.TestClass" time="14.640" errors="0" timestamp="2022-05-30T14:43:19 IST" skipped="0">
  <testcase classname="com.RediffMail.TestClass" name="testHomePage" time="1.531"/>
  <system-out/>
  <testcase classname="com.RediffMail.TestClass" name="testLoginPage" time="13.109"/>
  <system-out/>
</testsuite> <!-- com.RediffMail.TestClass -->
